python3: can't open file '/data/Minwoo/KHUX/khux_웹사이트/bot.py': [Errno 2] No such file or directory
python3: can't open file '/data/Minwoo/KHUX/khux_웹사이트/bot.py': [Errno 2] No such file or directory
2026-04-03 02:20:35,112 [INFO] config.json 생성됨. 설정을 확인해주세요.
2026-04-03 02:20:35,117 [WARNING] PyNaCl is not installed, voice will NOT be supported
2026-04-03 02:20:35,117 [WARNING] davey is not installed, voice will NOT be supported
2026-04-03 02:20:35,119 [INFO] logging in using static token
2026-04-03 02:20:36,456 [INFO] Shard ID None has connected to Gateway (Session ID: db920404da1ce6ca4f8ad16c867d4030).
2026-04-03 02:20:38,465 [INFO] KHUX 피어리뷰 봇이 온라인입니다!
2026-04-03 02:20:38,782 [INFO] 11개의 슬래시 명령어가 동기화되었습니다.
2026-04-03 02:45:40,818 [INFO] Shard ID None has successfully RESUMED session db920404da1ce6ca4f8ad16c867d4030.
2026-04-03 06:10:55,749 [INFO] Shard ID None has successfully RESUMED session db920404da1ce6ca4f8ad16c867d4030.
2026-04-03 06:36:02,419 [INFO] Shard ID None has successfully RESUMED session db920404da1ce6ca4f8ad16c867d4030.
2026-04-03 07:09:24,724 [INFO] Shard ID None has successfully RESUMED session db920404da1ce6ca4f8ad16c867d4030.
2026-04-03 07:46:07,863 [INFO] Shard ID None has successfully RESUMED session db920404da1ce6ca4f8ad16c867d4030.
2026-04-03 08:59:26,379 [INFO] Shard ID None has successfully RESUMED session db920404da1ce6ca4f8ad16c867d4030.
2026-04-03 10:59:15,106 [INFO] Shard ID None has successfully RESUMED session db920404da1ce6ca4f8ad16c867d4030.
2026-04-03 12:54:05,218 [INFO] Shard ID None has successfully RESUMED session db920404da1ce6ca4f8ad16c867d4030.
2026-04-03 15:36:35,033 [INFO] Shard ID None has successfully RESUMED session db920404da1ce6ca4f8ad16c867d4030.
2026-04-03 17:44:26,028 [INFO] Shard ID None has successfully RESUMED session db920404da1ce6ca4f8ad16c867d4030.
2026-04-03 21:39:11,335 [INFO] Shard ID None has successfully RESUMED session db920404da1ce6ca4f8ad16c867d4030.
2026-04-04 00:01:51,945 [INFO] Shard ID None has successfully RESUMED session db920404da1ce6ca4f8ad16c867d4030.
2026-04-04 03:51:30,510 [INFO] Shard ID None has successfully RESUMED session db920404da1ce6ca4f8ad16c867d4030.
2026-04-04 07:01:47,753 [INFO] Shard ID None has successfully RESUMED session db920404da1ce6ca4f8ad16c867d4030.
2026-04-04 07:46:59,304 [INFO] Shard ID None has successfully RESUMED session db920404da1ce6ca4f8ad16c867d4030.
2026-04-04 09:14:47,583 [INFO] Shard ID None has successfully RESUMED session db920404da1ce6ca4f8ad16c867d4030.
2026-04-04 10:42:20,687 [INFO] Shard ID None has successfully RESUMED session db920404da1ce6ca4f8ad16c867d4030.
2026-04-04 11:41:52,830 [INFO] Shard ID None has successfully RESUMED session db920404da1ce6ca4f8ad16c867d4030.
2026-04-04 15:09:14,743 [INFO] Shard ID None has successfully RESUMED session db920404da1ce6ca4f8ad16c867d4030.
2026-04-04 18:29:35,178 [INFO] Shard ID None has successfully RESUMED session db920404da1ce6ca4f8ad16c867d4030.
2026-04-04 19:40:31,244 [INFO] Shard ID None has successfully RESUMED session db920404da1ce6ca4f8ad16c867d4030.
2026-04-04 21:36:14,528 [INFO] Shard ID None has successfully RESUMED session db920404da1ce6ca4f8ad16c867d4030.
2026-04-04 22:44:34,272 [INFO] Shard ID None has successfully RESUMED session db920404da1ce6ca4f8ad16c867d4030.
2026-04-05 00:52:01,606 [INFO] Shard ID None has successfully RESUMED session db920404da1ce6ca4f8ad16c867d4030.
2026-04-05 04:28:45,327 [INFO] Shard ID None has successfully RESUMED session db920404da1ce6ca4f8ad16c867d4030.
2026-04-05 05:52:30,765 [INFO] Shard ID None has successfully RESUMED session db920404da1ce6ca4f8ad16c867d4030.
2026-04-05 09:26:44,496 [INFO] Shard ID None has successfully RESUMED session db920404da1ce6ca4f8ad16c867d4030.
2026-04-05 11:36:04,419 [INFO] Shard ID None has successfully RESUMED session db920404da1ce6ca4f8ad16c867d4030.
2026-04-05 12:18:42,178 [INFO] Shard ID None has successfully RESUMED session db920404da1ce6ca4f8ad16c867d4030.
2026-04-05 13:30:20,250 [INFO] Shard ID None has successfully RESUMED session db920404da1ce6ca4f8ad16c867d4030.
2026-04-05 15:51:21,025 [INFO] Shard ID None has successfully RESUMED session db920404da1ce6ca4f8ad16c867d4030.
2026-04-05 17:21:12,511 [INFO] Shard ID None has successfully RESUMED session db920404da1ce6ca4f8ad16c867d4030.
2026-04-05 17:49:45,466 [INFO] Shard ID None has successfully RESUMED session db920404da1ce6ca4f8ad16c867d4030.
2026-04-05 19:31:18,728 [INFO] Shard ID None has successfully RESUMED session db920404da1ce6ca4f8ad16c867d4030.
2026-04-05 21:54:08,303 [INFO] Shard ID None has successfully RESUMED session db920404da1ce6ca4f8ad16c867d4030.
2026-04-05 21:59:35,992 [INFO] Shard ID None has successfully RESUMED session db920404da1ce6ca4f8ad16c867d4030.
2026-04-05 23:12:05,328 [INFO] Shard ID None has successfully RESUMED session db920404da1ce6ca4f8ad16c867d4030.
2026-04-06 03:08:22,342 [INFO] Shard ID None has successfully RESUMED session db920404da1ce6ca4f8ad16c867d4030.
2026-04-06 03:43:15,491 [INFO] Shard ID None has successfully RESUMED session db920404da1ce6ca4f8ad16c867d4030.
2026-04-06 04:27:47,153 [INFO] Shard ID None has successfully RESUMED session db920404da1ce6ca4f8ad16c867d4030.
2026-04-06 05:52:13,940 [INFO] Shard ID None has successfully RESUMED session db920404da1ce6ca4f8ad16c867d4030.
2026-04-06 07:28:43,729 [INFO] Shard ID None has successfully RESUMED session db920404da1ce6ca4f8ad16c867d4030.
2026-04-06 08:10:40,241 [INFO] Shard ID None has successfully RESUMED session db920404da1ce6ca4f8ad16c867d4030.
2026-04-06 09:46:11,514 [INFO] Shard ID None has successfully RESUMED session db920404da1ce6ca4f8ad16c867d4030.
2026-04-06 11:33:02,223 [INFO] Shard ID None has successfully RESUMED session db920404da1ce6ca4f8ad16c867d4030.
2026-04-06 12:24:15,687 [INFO] Shard ID None has successfully RESUMED session db920404da1ce6ca4f8ad16c867d4030.
2026-04-06 12:39:25,079 [INFO] Shard ID None has successfully RESUMED session db920404da1ce6ca4f8ad16c867d4030.
2026-04-06 15:41:40,458 [INFO] Shard ID None has successfully RESUMED session db920404da1ce6ca4f8ad16c867d4030.
2026-04-06 17:27:47,539 [INFO] Shard ID None has successfully RESUMED session db920404da1ce6ca4f8ad16c867d4030.
2026-04-06 19:13:29,253 [INFO] Shard ID None has successfully RESUMED session db920404da1ce6ca4f8ad16c867d4030.
2026-04-06 20:52:24,497 [INFO] Shard ID None has successfully RESUMED session db920404da1ce6ca4f8ad16c867d4030.
2026-04-06 21:46:22,735 [INFO] Shard ID None has successfully RESUMED session db920404da1ce6ca4f8ad16c867d4030.
2026-04-06 22:16:28,815 [INFO] Shard ID None has successfully RESUMED session db920404da1ce6ca4f8ad16c867d4030.
2026-04-07 01:40:39,384 [INFO] Shard ID None has successfully RESUMED session db920404da1ce6ca4f8ad16c867d4030.
2026-04-07 05:31:06,727 [INFO] Shard ID None has successfully RESUMED session db920404da1ce6ca4f8ad16c867d4030.
